helpLibrary/build/intermediates/manifest_merge_blame_file/developmentDebug/manifest-merger-blame-development-debug-report.txt
1<?xml version="1.0" encoding="utf-8"?>
2<manifest xmlns:android="http://schemas.android.com/apk/res/android"
3    package="com.lib" >
4
5    <uses-sdk
6        android:minSdkVersion="21"
6-->src\main\AndroidManifest.xml
7        android:targetSdkVersion="30" />
7-->src\main\AndroidManifest.xml
8
9    <uses-permission android:name="android.permission.ACCESS_NETWORK_STATE" />
9-->src\main\AndroidManifest.xml:4:5-79
9-->src\main\AndroidManifest.xml:4:22-76
10    <uses-permission android:name="android.permission.CAMERA" />
10-->src\main\AndroidManifest.xml:5:5-65
10-->src\main\AndroidManifest.xml:5:22-62
11    <uses-permission android:name="android.permission.INTERNET" />
11-->src\main\AndroidManifest.xml:6:5-67
11-->src\main\AndroidManifest.xml:6:22-64
12    <uses-permission android:name="android.permission.WRITE_EXTERNAL_STORAGE" />
12-->src\main\AndroidManifest.xml:7:5-81
12-->src\main\AndroidManifest.xml:7:22-78
13
14    <application
14-->src\main\AndroidManifest.xml:9:5-16:19
15        android:allowBackup="true"
15-->src\main\AndroidManifest.xml:10:9-35
16        android:label="@string/app_name_lib"
16-->src\main\AndroidManifest.xml:11:9-45
17        android:supportsRtl="true"
17-->src\main\AndroidManifest.xml:13:9-35
18        android:usesCleartextTraffic="true" >
18-->src\main\AndroidManifest.xml:12:9-44
19        <activity android:name="com.lib.widget.swipegallery.SwipeGalleryActivity" />
19-->src\main\AndroidManifest.xml:14:9-78
19-->src\main\AndroidManifest.xml:14:19-75
20        <activity android:name="com.lib.widget.GalleryImageSelectorActivity" />
20-->src\main\AndroidManifest.xml:15:9-73
20-->src\main\AndroidManifest.xml:15:19-70
21    </application>
22
23</manifest>